<?xml version="1.0" encoding="UTF-8"?>
<!-- Generated by org.testng.reporters.JUnitReportReporter -->
<testsuite skipped="1" hostname="DESKTOP-6OUVDBA" name="com.frameWork.Amazon" tests="2" failures="0" timestamp="09 Feb 2023 10:42:12 GMT" time="10.564" errors="0">
  <testcase name="verifyAllNavigationMenu" time="10.564" classname="com.frameWork.Amazon"/>
  <testcase name="verifyProductsInCart" classname="com.frameWork.Amazon">
    <skipped/>
  </testcase> <!-- verifyProductsInCart -->
</testsuite> <!-- com.frameWork.Amazon -->
